Flutter crash report; please file at https://github.com/flutter/flutter/issues.

## command

flutter run

## exception

HttpException: HttpException: , uri = https://storage.googleapis.com/flutter_infra/flutter/8dc3a4cde2075a4f5458fd0eb199627f5124508d/android-arm64-profile/artifacts.zip

```
#0      _attempt (package:flutter_tools/src/base/net.dart:68:39)
<asynchronous suspension>
#1      fetchUrl (package:flutter_tools/src/base/net.dart:22:36)
<asynchronous suspension>
#2      _downloadFile (package:flutter_tools/src/cache.dart:934:37)
<asynchronous suspension>
#3      CachedArtifact._downloadArchive.<anonymous closure> (package:flutter_tools/src/cache.dart:404:17)
<asynchronous suspension>
#4      CachedArtifact._withDownloadFile (package:flutter_tools/src/cache.dart:433:26)
<asynchronous suspension>
#5      CachedArtifact._downloadArchive (package:flutter_tools/src/cache.dart:400:12)
#6      CachedArtifact._downloadZipArchive (package:flutter_tools/src/cache.dart:420:12)
#7      EngineCachedArtifact.updateInner (package:flutter_tools/src/cache.dart:567:13)
<asynchronous suspension>
#8      CachedArtifact.update (package:flutter_tools/src/cache.dart:363:11)
<asynchronous suspension>
#9      Cache.updateAll (package:flutter_tools/src/cache.dart:287:26)
<asynchronous suspension>
#10     FlutterCommand.verifyThenRunCommand (package:flutter_tools/src/runner/flutter_command.dart:472:19)
<asynchronous suspension>
#11     FlutterCommand.run.<anonymous closure> (package:flutter_tools/src/runner/flutter_command.dart:424:33)
<asynchronous suspension>
#12     AppContext.run.<anonymous closure> (package:flutter_tools/src/base/context.dart:153:29)
<asynchronous suspension>
#13     _rootRun (dart:async/zone.dart:1124:13)
#14     _CustomZone.run (dart:async/zone.dart:1021:19)
#15     _runZoned (dart:async/zone.dart:1516:10)
#16     runZoned (dart:async/zone.dart:1463:12)
#17     AppContext.run (package:flutter_tools/src/base/context.dart:152:18)
<asynchronous suspension>
#18     FlutterCommand.run (package:flutter_tools/src/runner/flutter_command.dart:415:20)
#19     CommandRunner.runCommand (package:args/command_runner.dart:196:27)
<asynchronous suspension>
#20     FlutterCommandRunner.runCommand.<anonymous closure> (package:flutter_tools/src/runner/flutter_command_runner.dart:396:21)
<asynchronous suspension>
#21     AppContext.run.<anonymous closure> (package:flutter_tools/src/base/context.dart:153:29)
<asynchronous suspension>
#22     _rootRun (dart:async/zone.dart:1124:13)
#23     _CustomZone.run (dart:async/zone.dart:1021:19)
#24     _runZoned (dart:async/zone.dart:1516:10)
#25     runZoned (dart:async/zone.dart:1463:12)
#26     AppContext.run (package:flutter_tools/src/base/context.dart:152:18)
<asynchronous suspension>
#27     FlutterCommandRunner.runCommand (package:flutter_tools/src/runner/flutter_command_runner.dart:356:19)
<asynchronous suspension>
#28     CommandRunner.run.<anonymous closure> (package:args/command_runner.dart:111:29)
#29     new Future.sync (dart:async/future.dart:224:31)
#30     CommandRunner.run (package:args/command_runner.dart:111:11)
#31     FlutterCommandRunner.run (package:flutter_tools/src/runner/flutter_command_runner.dart:242:18)
#32     run.<anonymous closure> (package:flutter_tools/runner.dart:60:20)
<asynchronous suspension>
#33     AppContext.run.<anonymous closure> (package:flutter_tools/src/base/context.dart:153:29)
<asynchronous suspension>
#34     _rootRun (dart:async/zone.dart:1124:13)
#35     _CustomZone.run (dart:async/zone.dart:1021:19)
#36     _runZoned (dart:async/zone.dart:1516:10)
#37     runZoned (dart:async/zone.dart:1463:12)
#38     AppContext.run (package:flutter_tools/src/base/context.dart:152:18)
<asynchronous suspension>
#39     runInContext (package:flutter_tools/src/context_runner.dart:51:24)
<asynchronous suspension>
#40     run (package:flutter_tools/runner.dart:51:10)
#41     main (package:flutter_tools/executable.dart:59:9)
<asynchronous suspension>
#42     main (file:///G:/flutter_windows_v0.5.1-beta/flutter/packages/flutter_tools/bin/flutter_tools.dart:8:3)
#43     _startIsolate.<anonymous closure> (dart:isolate-patch/isolate_patch.dart:298:32)
#44     _RawReceivePortImpl._handleMessage (dart:isolate-patch/isolate_patch.dart:171:12)
```

## flutter doctor

```
[32m[✓][39m Flutter (Channel beta, v1.6.3, on Microsoft Windows [Version 10.0.17763.557], locale zh-CN)
    [32m•[39m Flutter version 1.6.3 at G:\flutter_windows_v0.5.1-beta\flutter
    [32m•[39m Framework revision bc7bc94083 (5 weeks ago), 2019-05-23 10:29:07 -0700
    [32m•[39m Engine revision 8dc3a4cde2
    [32m•[39m Dart version 2.3.2 (build 2.3.2-dev.0.0 e3edfd36b2)

[32m[✓][39m Android toolchain - develop for Android devices (Android SDK version 28.0.3)
    [32m•[39m Android SDK at C:\Users\zhang\AppData\Local\Android\sdk
    [32m•[39m Android NDK location not configured (optional; useful for native profiling support)
    [32m•[39m Platform android-28, build-tools 28.0.3
    [32m•[39m Java binary at: D:\ADVE\jre\bin\java
    [32m•[39m Java version OpenJDK Runtime Environment (build 1.8.0_152-release-1343-b01)
    [32m•[39m All Android licenses accepted.

[32m[✓][39m Android Studio (version 3.4)
    [32m•[39m Android Studio at D:\ADVE
    [32m•[39m Flutter plugin version 36.1.1
    [32m•[39m Dart plugin version 183.6270
    [32m•[39m Java version OpenJDK Runtime Environment (build 1.8.0_152-release-1343-b01)

[32m[✓][39m Connected device (1 available)
    [32m•[39m SM N9006 • 9be897b3 • android-arm • Android 5.0 (API 21)

[32m•[39m No issues found!
```
